[INFO] 00:22:55:089 TP0/(239127:239127): soy un log
[INFO] 00:22:55:090 TP0/(239127:239127): Hola, soy un valor
[INFO] 00:23:23:603 TP0/(239318:239318): soy un log
[INFO] 00:23:23:603 TP0/(239318:239318): Hola, soy un valor
[INFO] 00:23:28:271 TP0/(239367:239367): soy un log
[INFO] 00:23:28:271 TP0/(239367:239367): Hola, soy un valor
[INFO] 00:23:34:049 TP0/(239367:239367): ola
[INFO] 00:23:58:627 TP0/(239367:239367): probando tururu
[INFO] 00:24:33:855 TP0/(239779:239779): soy un log
[INFO] 00:24:33:855 TP0/(239779:239779): Hola, soy un valor
[INFO] 00:24:38:114 TP0/(239779:239779): hola
[INFO] 01:00:49:289 TP0/(257015:257015): soy un log
[INFO] 01:00:49:296 TP0/(257015:257015): Hola, soy un valor
[INFO] 01:00:56:686 TP0/(257015:257015): hola
[INFO] 01:01:04:652 TP0/(257015:257015): probando
[INFO] 01:06:06:082 TP0/(259105:259105): soy un log
[INFO] 01:06:06:082 TP0/(259105:259105): Hola, soy un valor
[INFO] 01:06:14:380 TP0/(259105:259105): hola
[INFO] 01:13:13:689 TP0/(261731:261731): soy un log
[INFO] 01:13:13:693 TP0/(261731:261731): Hola, soy un valor
[INFO] 01:14:52:523 TP0/(261896:261896): soy un log
[INFO] 01:15:07:384 TP0/(261896:261896): Hola, soy un valor
[INFO] 01:29:25:532 TP0/(267781:267781): Soy un log
[INFO] 01:29:25:533 TP0/(267781:267781): Hola, soy un valor
[INFO] 01:29:28:372 TP0/(267781:267781): oh
[INFO] 01:08:03:164 TP0/(22098:22098): soy un log
[INFO] 01:08:03:164 TP0/(22098:22098): Hola, soy un valor
[INFO] 01:08:14:414 TP0/(22098:22098): a
[INFO] 01:09:26:093 TP0/(22313:22313): soy un log
[INFO] 01:09:26:093 TP0/(22313:22313): Hola, soy un valor
