[INFO] 01:28:50:931 tp0/(39539:39539): Hola! Soy un log
[INFO] 01:28:50:992 tp0/(39539:39539): Hola, soy un valor
[INFO] 01:29:22:316 tp0/(39565:39565): Hola! Soy un log
[INFO] 01:29:22:363 tp0/(39565:39565): Hola, soy un valor
[INFO] 01:29:42:353 tp0/(39616:39616): Hola! Soy un log
[INFO] 01:29:42:400 tp0/(39616:39616): Hola, soy un valor
[INFO] 01:29:55:366 tp0/(39734:39734): Hola! Soy un log
[INFO] 01:29:55:417 tp0/(39734:39734): Hola, soy un valor
[INFO] 01:31:12:286 tp0/(39847:39847): Hola! Soy un log
[INFO] 01:31:12:336 tp0/(39847:39847): Hola, soy un valor
[INFO] 01:31:14:489 tp0/(39847:39847): aaaaaaaaaaaaaaaaa
[INFO] 01:31:16:042 tp0/(39847:39847): we
[INFO] 01:31:18:894 tp0/(39847:39847): oooooooooooooooooooooooh
[INFO] 01:31:37:619 tp0/(39923:39923): Hola! Soy un log
[INFO] 01:31:37:666 tp0/(39923:39923): Hola, soy un valor
[INFO] 01:31:40:102 tp0/(39923:39923): hola
[INFO] 01:31:41:685 tp0/(39923:39923): probamos
[INFO] 01:31:44:539 tp0/(39923:39923): un mensaje
[INFO] 01:31:45:767 tp0/(39923:39923): para mandar
[INFO] 01:31:47:033 tp0/(39923:39923): turururu
[INFO] 01:31:49:359 tp0/(39923:39923): aaaaaaaaaaaaaaaaaaaaaaa
[INFO] 01:32:13:905 tp0/(40105:40105): Hola! Soy un log
[INFO] 01:32:13:955 tp0/(40105:40105): Hola, soy un valor
[INFO] 01:33:13:426 tp0/(40201:40201): Hola! Soy un log
[INFO] 01:33:13:474 tp0/(40201:40201): Hola, soy un valor
